<?xml version="1.0" encoding="UTF-8"?>
<testng-results ignored="0" total="4" passed="4" failed="0" skipped="0">
  <reporter-output>
  </reporter-output>
  <suite started-at="2023-08-20T10:10:39 IDT" name="PetSuite" finished-at="2023-08-20T10:12:08 IDT" duration-ms="89093">
    <groups>
    </groups>
    <test started-at="2023-08-20T10:10:39 IDT" name="PetTest" finished-at="2023-08-20T10:12:08 IDT" duration-ms="89093">
      <class name="api.test.UserTest2">
        <test-method is-config="true" signature="setup()[pri:0, instance:api.test.UserTest2@1189dd52]" started-at="2023-08-20T10:10:45 IDT" name="setup" finished-at="2023-08-20T10:11:18 IDT" duration-ms="32542" status="PASS">
          <reporter-output>
          </reporter-output>
        </test-method> <!-- setup -->
        <test-method signature="tsetPostUser()[pri:1, instance:api.test.UserTest2@1189dd52]" started-at="2023-08-20T10:11:18 IDT" name="tsetPostUser" finished-at="2023-08-20T10:12:04 IDT" duration-ms="45958" status="PASS">
          <reporter-output>
          </reporter-output>
        </test-method> <!-- tsetPostUser -->
        <test-method signature="tsetGetUser()[pri:2, instance:api.test.UserTest2@1189dd52]" started-at="2023-08-20T10:12:04 IDT" name="tsetGetUser" finished-at="2023-08-20T10:12:05 IDT" duration-ms="1163" status="PASS">
          <reporter-output>
          </reporter-output>
        </test-method> <!-- tsetGetUser -->
        <test-method signature="tsetUpdateUser()[pri:3, instance:api.test.UserTest2@1189dd52]" started-at="2023-08-20T10:12:05 IDT" name="tsetUpdateUser" finished-at="2023-08-20T10:12:07 IDT" duration-ms="2198" status="PASS">
          <reporter-output>
          </reporter-output>
        </test-method> <!-- tsetUpdateUser -->
        <test-method signature="tsetDeleteUser()[pri:4, instance:api.test.UserTest2@1189dd52]" started-at="2023-08-20T10:12:07 IDT" name="tsetDeleteUser" finished-at="2023-08-20T10:12:08 IDT" duration-ms="1086" status="PASS">
          <reporter-output>
          </reporter-output>
        </test-method> <!-- tsetDeleteUser -->
      </class> <!-- api.test.UserTest2 -->
    </test> <!-- PetTest -->
  </suite> <!-- PetSuite -->
</testng-results>
