<?xml version="1.0" encoding="UTF-8"?>
<testng-results ignored="0" total="4" passed="4" failed="0" skipped="0">
  <reporter-output>
  </reporter-output>
  <suite started-at="2023-08-19T11:32:31 IDT" name="PetSuite" finished-at="2023-08-19T11:32:49 IDT" duration-ms="18269">
    <groups>
    </groups>
    <test started-at="2023-08-19T11:32:31 IDT" name="PetTest" finished-at="2023-08-19T11:32:49 IDT" duration-ms="18269">
      <class name="api.test.UserTest2">
        <test-method is-config="true" signature="setup()[pri:0, instance:api.test.UserTest2@d9345cd]" started-at="2023-08-19T11:32:33 IDT" name="setup" finished-at="2023-08-19T11:32:38 IDT" duration-ms="4356" status="PASS">
          <reporter-output>
          </reporter-output>
        </test-method> <!-- setup -->
        <test-method signature="tsetPostUser()[pri:1, instance:api.test.UserTest2@d9345cd]" started-at="2023-08-19T11:32:38 IDT" name="tsetPostUser" finished-at="2023-08-19T11:32:45 IDT" duration-ms="7094" status="PASS">
          <reporter-output>
          </reporter-output>
        </test-method> <!-- tsetPostUser -->
        <test-method signature="tsetGetUser()[pri:2, instance:api.test.UserTest2@d9345cd]" started-at="2023-08-19T11:32:45 IDT" name="tsetGetUser" finished-at="2023-08-19T11:32:46 IDT" duration-ms="1080" status="PASS">
          <reporter-output>
          </reporter-output>
        </test-method> <!-- tsetGetUser -->
        <test-method signature="tsetUpdateUser()[pri:3, instance:api.test.UserTest2@d9345cd]" started-at="2023-08-19T11:32:46 IDT" name="tsetUpdateUser" finished-at="2023-08-19T11:32:48 IDT" duration-ms="2070" status="PASS">
          <reporter-output>
          </reporter-output>
        </test-method> <!-- tsetUpdateUser -->
        <test-method signature="tsetDeleteUser()[pri:4, instance:api.test.UserTest2@d9345cd]" started-at="2023-08-19T11:32:48 IDT" name="tsetDeleteUser" finished-at="2023-08-19T11:32:49 IDT" duration-ms="1028" status="PASS">
          <reporter-output>
          </reporter-output>
        </test-method> <!-- tsetDeleteUser -->
      </class> <!-- api.test.UserTest2 -->
    </test> <!-- PetTest -->
  </suite> <!-- PetSuite -->
</testng-results>
