<?xml version="1.0" encoding="UTF-8"?>
<!-- Generated by org.testng.reporters.JUnitXMLReporter -->
<testsuite ignored="0" hostname="NatsenetDell" failures="0" tests="4" name="PetTest" time="11.317" errors="0" timestamp="2023-08-20T14:28:20 IDT">
  <testcase classname="api.test.UserTest2" name="tsetPostUser" time="4.79"/>
  <testcase classname="api.test.UserTest2" name="tsetGetUser" time="1.101"/>
  <testcase classname="api.test.UserTest2" name="tsetUpdateUser" time="2.113"/>
  <testcase classname="api.test.UserTest2" name="tsetDeleteUser" time="1.079"/>
</testsuite> <!-- PetTest -->
