<?xml version="1.0" encoding="UTF-8"?>
<!-- Generated by org.testng.reporters.JUnitXMLReporter -->
<testsuite ignored="0" hostname="NatsenetDell" failures="0" tests="4" name="PetTest" time="18.269" errors="0" timestamp="2023-08-19T11:32:50 IDT">
  <testcase classname="api.test.UserTest2" name="tsetPostUser" time="7.094"/>
  <testcase classname="api.test.UserTest2" name="tsetGetUser" time="1.08"/>
  <testcase classname="api.test.UserTest2" name="tsetUpdateUser" time="2.07"/>
  <testcase classname="api.test.UserTest2" name="tsetDeleteUser" time="1.028"/>
</testsuite> <!-- PetTest -->
