<?xml version="1.0" encoding="UTF-8"?>
<!-- Generated by org.testng.reporters.JUnitXMLReporter -->
<testsuite ignored="0" hostname="NatsenetDell" failures="0" tests="4" name="PetTest" time="89.093" errors="0" timestamp="2023-08-20T10:12:09 IDT">
  <testcase classname="api.test.UserTest2" name="tsetPostUser" time="45.958"/>
  <testcase classname="api.test.UserTest2" name="tsetGetUser" time="1.163"/>
  <testcase classname="api.test.UserTest2" name="tsetUpdateUser" time="2.198"/>
  <testcase classname="api.test.UserTest2" name="tsetDeleteUser" time="1.086"/>
</testsuite> <!-- PetTest -->
